[debug] [2023-07-23T14:58:09.435Z] ----------------------------------------------------------------------
[debug] [2023-07-23T14:58:09.440Z] Command:       C:\Program Files\nodejs\node.exe C:\Users\Shiva\AppData\Roaming\npm\node_modules\firebase-tools\lib\bin\firebase.js emulators:start
[debug] [2023-07-23T14:58:09.441Z] CLI Version:   12.4.5
[debug] [2023-07-23T14:58:09.442Z] Platform:      win32
[debug] [2023-07-23T14:58:09.442Z] Node Version:  v18.16.0
[debug] [2023-07-23T14:58:09.444Z] Time:          Sun Jul 23 2023 20:28:09 GMT+0530 (India Standard Time)
[debug] [2023-07-23T14:58:09.445Z] ----------------------------------------------------------------------
[debug] 
[debug] [2023-07-23T14:58:09.691Z] > command requires scopes: ["email","openid","https://www.googleapis.com/auth/cloudplatformprojects.readonly","https://www.googleapis.com/auth/firebase","https://www.googleapis.com/auth/cloud-platform"]
[debug] [2023-07-23T14:58:09.692Z] > authorizing via signed-in user (shivaramakrishnan612@gmail.com)
[info] i  emulators: Starting emulators: functions, hosting {"metadata":{"emulator":{"name":"hub"},"message":"Starting emulators: functions, hosting"}}
[debug] [2023-07-23T14:58:09.710Z] [logging] Logging Emulator only supports listening on one address (127.0.0.1). Not listening on ::1
[debug] [2023-07-23T14:58:09.711Z] [hosting] Hosting Emulator only supports listening on one address (127.0.0.1). Not listening on ::1
[warn] !  ui: Emulator UI unable to start on port 4000, starting on 4002 instead. {"metadata":{"emulator":{"name":"ui"},"message":"Emulator UI unable to start on port 4000, starting on 4002 instead."}}
[debug] [2023-07-23T14:58:09.715Z] assigned listening specs for emulators {"user":{"hub":[{"address":"127.0.0.1","family":"IPv4","port":4400},{"address":"::1","family":"IPv6","port":4400}],"logging":[{"address":"127.0.0.1","family":"IPv4","port":4500}],"hosting":[{"address":"127.0.0.1","family":"IPv4","port":5000}],"ui":[{"address":"127.0.0.1","family":"IPv4","port":4002},{"address":"::1","family":"IPv6","port":4002}]},"metadata":{"message":"assigned listening specs for emulators"}}
[debug] [2023-07-23T14:58:09.751Z] [hub] writing locator at C:\Users\Shiva\AppData\Local\Temp\hub-e-clone-56572.json
[debug] [2023-07-23T14:58:09.780Z] [functions] Functions Emulator only supports listening on one address (127.0.0.1). Not listening on ::1
[debug] [2023-07-23T14:58:09.780Z] [eventarc] Eventarc Emulator only supports listening on one address (127.0.0.1). Not listening on ::1
[debug] [2023-07-23T14:58:09.780Z] late-assigned ports for functions and eventarc emulators {"user":{"hub":[{"address":"127.0.0.1","family":"IPv4","port":4400},{"address":"::1","family":"IPv6","port":4400}],"logging":[{"address":"127.0.0.1","family":"IPv4","port":4500}],"hosting":[{"address":"127.0.0.1","family":"IPv4","port":5000}],"ui":[{"address":"127.0.0.1","family":"IPv4","port":4002},{"address":"::1","family":"IPv6","port":4002}],"functions":[{"address":"127.0.0.1","family":"IPv4","port":5001}],"eventarc":[{"address":"127.0.0.1","family":"IPv4","port":9299}]},"metadata":{"message":"late-assigned ports for functions and eventarc emulators"}}
[warn] !  functions: The following emulators are not running, calls to these services from the Functions emulator will affect production: auth, firestore, database, pubsub, storage {"metadata":{"emulator":{"name":"functions"},"message":"The following emulators are not running, calls to these services from the Functions emulator will affect production: \u001b[1mauth, firestore, database, pubsub, storage\u001b[22m"}}
[debug] [2023-07-23T14:58:09.800Z] defaultcredentials: writing to file C:\Users\Shiva\AppData\Roaming\firebase\shivaramakrishnan612_gmail_com_application_default_credentials.json
[debug] [2023-07-23T14:58:09.811Z] Setting GAC to C:\Users\Shiva\AppData\Roaming\firebase\shivaramakrishnan612_gmail_com_application_default_credentials.json {"metadata":{"emulator":{"name":"functions"},"message":"Setting GAC to C:\\Users\\Shiva\\AppData\\Roaming\\firebase\\shivaramakrishnan612_gmail_com_application_default_credentials.json"}}
[debug] [2023-07-23T14:58:09.813Z] > refreshing access token with scopes: []
[debug] [2023-07-23T14:58:09.816Z] >>> [apiv2][query] POST https://www.googleapis.com/oauth2/v3/token [none]
[debug] [2023-07-23T14:58:09.816Z] >>> [apiv2][body] POST https://www.googleapis.com/oauth2/v3/token [omitted]
[debug] [2023-07-23T14:58:10.071Z] <<< [apiv2][status] POST https://www.googleapis.com/oauth2/v3/token 200
[debug] [2023-07-23T14:58:10.071Z] <<< [apiv2][body] POST https://www.googleapis.com/oauth2/v3/token [omitted]
[debug] [2023-07-23T14:58:10.084Z] >>> [apiv2][query] GET https://firebase.googleapis.com/v1beta1/projects/e-clone-56572/adminSdkConfig [none]
[debug] [2023-07-23T14:58:10.695Z] <<< [apiv2][status] GET https://firebase.googleapis.com/v1beta1/projects/e-clone-56572/adminSdkConfig 200
[debug] [2023-07-23T14:58:10.696Z] <<< [apiv2][body] GET https://firebase.googleapis.com/v1beta1/projects/e-clone-56572/adminSdkConfig {"projectId":"e-clone-56572","storageBucket":"e-clone-56572.appspot.com"}
[debug] [2023-07-23T14:58:10.724Z] >>> [apiv2][query] GET https://firebasehosting.googleapis.com/v1beta1/projects/e-clone-56572/sites 
[debug] [2023-07-23T14:58:11.924Z] <<< [apiv2][status] GET https://firebasehosting.googleapis.com/v1beta1/projects/e-clone-56572/sites 200
[debug] [2023-07-23T14:58:11.924Z] <<< [apiv2][body] GET https://firebasehosting.googleapis.com/v1beta1/projects/e-clone-56572/sites {"sites":[{"name":"projects/e-clone-56572/sites/e-clone-56572","defaultUrl":"https://e-clone-56572.web.app","appId":"1:70237264576:web:152502ad2e7d7ffb33eb25","type":"DEFAULT_SITE"}]}
[debug] [2023-07-23T14:58:11.925Z] >>> [apiv2][query] GET https://firebase.googleapis.com/v1beta1/projects/e-clone-56572/webApps/1:70237264576:web:152502ad2e7d7ffb33eb25/config [none]
[debug] [2023-07-23T14:58:13.157Z] <<< [apiv2][status] GET https://firebase.googleapis.com/v1beta1/projects/e-clone-56572/webApps/1:70237264576:web:152502ad2e7d7ffb33eb25/config 200
[debug] [2023-07-23T14:58:13.157Z] <<< [apiv2][body] GET https://firebase.googleapis.com/v1beta1/projects/e-clone-56572/webApps/1:70237264576:web:152502ad2e7d7ffb33eb25/config {"projectId":"e-clone-56572","appId":"1:70237264576:web:152502ad2e7d7ffb33eb25","storageBucket":"e-clone-56572.appspot.com","apiKey":"AIzaSyDmUKOs6gyrrDjNcXxbeC0XG3RgswFp-cg","authDomain":"e-clone-56572.firebaseapp.com","messagingSenderId":"70237264576","measurementId":"G-54VSMHDBD8"}
[debug] [2023-07-23T14:58:13.168Z] >>> [apiv2][query] GET https://firebase.googleapis.com/v1beta1/projects/e-clone-56572 [none]
[debug] [2023-07-23T14:58:13.972Z] <<< [apiv2][status] GET https://firebase.googleapis.com/v1beta1/projects/e-clone-56572 200
[debug] [2023-07-23T14:58:13.973Z] <<< [apiv2][body] GET https://firebase.googleapis.com/v1beta1/projects/e-clone-56572 {"projectId":"e-clone-56572","projectNumber":"70237264576","displayName":"amazone-clone","name":"projects/e-clone-56572","resources":{"hostingSite":"e-clone-56572"},"state":"ACTIVE","etag":"1_c9b517bd-1fe5-4bcf-b811-6967f822a5af"}
[info] i  hosting[e-clone-56572]: Serving hosting files from: build {"metadata":{"emulator":{"name":"hosting"},"message":"Serving hosting files from: \u001b[1mbuild\u001b[22m"}}
[info] +  hosting[e-clone-56572]: Local server: http://127.0.0.1:5000 {"metadata":{"emulator":{"name":"hosting"},"message":"Local server: \u001b[4m\u001b[1mhttp://127.0.0.1:5000\u001b[22m\u001b[24m"}}
[debug] [2023-07-23T14:58:14.051Z] Ignoring unsupported arg: auto_download {"metadata":{"emulator":{"name":"ui"},"message":"Ignoring unsupported arg: auto_download"}}
[debug] [2023-07-23T14:58:14.051Z] Ignoring unsupported arg: port {"metadata":{"emulator":{"name":"ui"},"message":"Ignoring unsupported arg: port"}}
[debug] [2023-07-23T14:58:14.052Z] Starting Emulator UI with command {"binary":"node","args":["C:\\Users\\Shiva\\.cache\\firebase\\emulators\\ui-v1.11.7\\server\\server.js"],"optionalArgs":[],"joinArgs":false} {"metadata":{"emulator":{"name":"ui"},"message":"Starting Emulator UI with command {\"binary\":\"node\",\"args\":[\"C:\\\\Users\\\\Shiva\\\\.cache\\\\firebase\\\\emulators\\\\ui-v1.11.7\\\\server\\\\server.js\"],\"optionalArgs\":[],\"joinArgs\":false}"}}
[info] i  ui: Emulator UI logging to ui-debug.log {"metadata":{"emulator":{"name":"ui"},"message":"Emulator UI logging to \u001b[1mui-debug.log\u001b[22m"}}
[debug] [2023-07-23T14:58:14.303Z] Web / API server started at 127.0.0.1:4002
 {"metadata":{"emulator":{"name":"ui"},"message":"Web / API server started at 127.0.0.1:4002\n"}}
[debug] [2023-07-23T14:58:14.304Z] Web / API server started at ::1:4002
 {"metadata":{"emulator":{"name":"ui"},"message":"Web / API server started at ::1:4002\n"}}
[info] i  functions: Watching "C:\Users\Shiva\Documents\Amazon clone project\amazone_clone\functions" for Cloud Functions... {"metadata":{"emulator":{"name":"functions"},"message":"Watching \"C:\\Users\\Shiva\\Documents\\Amazon clone project\\amazone_clone\\functions\" for Cloud Functions..."}}
[debug] [2023-07-23T14:58:14.353Z] Validating nodejs source
[debug] [2023-07-23T14:58:17.518Z] > [functions] package.json contents: {
  "name": "functions",
  "description": "Cloud Functions for Firebase",
  "scripts": {
    "lint": "eslint --ext .js,.ts . --fix",
    "serve": "firebase emulators:start --only functions",
    "shell": "firebase functions:shell",
    "start": "npm run shell",
    "deploy": "firebase deploy --only functions",
    "logs": "firebase functions:log"
  },
  "engines": {
    "node": "18"
  },
  "main": "index.js",
  "dependencies": {
    "cors": "^2.8.5",
    "express": "^4.18.2",
    "firebase-admin": "^11.8.0",
    "firebase-functions": "^4.3.1",
    "stripe": "^12.13.0"
  },
  "devDependencies": {
    "eslint": "^8.15.0",
    "eslint-config-google": "^0.14.0",
    "firebase-functions-test": "^3.1.0"
  },
  "private": true
}
[debug] [2023-07-23T14:58:17.519Z] Building nodejs source
[debug] [2023-07-23T14:58:17.519Z] Failed to find version of module node: reached end of search path C:\Users\Shiva\Documents\Amazon clone project\amazone_clone\functions\node_modules
[info] +  functions: Using node@18 from host. 
[debug] [2023-07-23T14:58:17.523Z] Could not find functions.yaml. Must use http discovery
[debug] [2023-07-23T14:58:17.535Z] Found firebase-functions binary at 'C:\Users\Shiva\Documents\Amazon clone project\amazone_clone\functions\node_modules\.bin\firebase-functions'
[info] Serving at port 8135

[debug] [2023-07-23T14:58:19.099Z] Got response from /__/functions.yaml {"endpoints":{"api":{"platform":"gcfv1","availableMemoryMb":null,"timeoutSeconds":null,"minInstances":null,"maxInstances":null,"ingressSettings":null,"serviceAccountEmail":null,"vpc":null,"httpsTrigger":{},"entryPoint":"api"}},"specVersion":"v1alpha1","requiredAPIs":[]}
[info] shutdown requested via /__/quitquitquit

[info] +  functions: Loaded functions definitions from source: api. {"metadata":{"emulator":{"name":"functions"},"message":"Loaded functions definitions from source: api."}}
[info] +  functions[us-central1-api]: http function initialized (http://127.0.0.1:5001/e-clone-56572/us-central1/api). {"metadata":{"emulator":{"name":"functions"},"message":"\u001b[1mhttp\u001b[22m function initialized (http://127.0.0.1:5001/e-clone-56572/us-central1/api)."}}
[info] 
┌─────────────────────────────────────────────────────────────┐
│ ✔  All emulators ready! It is now safe to connect your app. │
│ i  View Emulator UI at http://127.0.0.1:4002/               │
└─────────────────────────────────────────────────────────────┘

┌───────────┬────────────────┬─────────────────────────────────┐
│ Emulator  │ Host:Port      │ View in Emulator UI             │
├───────────┼────────────────┼─────────────────────────────────┤
│ Functions │ 127.0.0.1:5001 │ http://127.0.0.1:4002/functions │
├───────────┼────────────────┼─────────────────────────────────┤
│ Hosting   │ 127.0.0.1:5000 │ n/a                             │
└───────────┴────────────────┴─────────────────────────────────┘
  Emulator Hub running at 127.0.0.1:4400
  Other reserved ports: 4500

Issues? Report them at https://github.com/firebase/firebase-tools/issues and attach the *-debug.log files.
 
[debug] [2023-07-24T03:53:01.983Z] [work-queue] {"queuedWork":["/e-clone-56572/us-central1/api/payments/create-2023-07-24T03:53:01.983Z"],"queueLength":1,"runningWork":[],"workRunningCount":0}
[debug] [2023-07-24T03:53:01.983Z] [work-queue] {"queuedWork":[],"queueLength":0,"runningWork":["/e-clone-56572/us-central1/api/payments/create-2023-07-24T03:53:01.983Z"],"workRunningCount":1}
[debug] [2023-07-24T03:53:01.984Z] Accepted request POST /e-clone-56572/us-central1/api/payments/create?total=54000 --> us-central1-api
[debug] [2023-07-24T03:53:01.988Z] [functions] Runtime ready! Sending request! {"metadata":{"emulator":{"name":"functions"},"message":"[functions] Runtime ready! Sending request!"}}
[debug] [2023-07-24T03:53:01.988Z] [functions] Got req.url=/e-clone-56572/us-central1/api/payments/create?total=54000, mapping to path=/payments/create?total=54000 {"metadata":{"emulator":{"name":"functions"},"message":"[functions] Got req.url=/e-clone-56572/us-central1/api/payments/create?total=54000, mapping to path=/payments/create?total=54000"}}
[debug] [2023-07-24T03:53:02.000Z] [worker-pool] addWorker(us-central1-api) {"metadata":{"emulator":{"name":"functions"},"message":"[worker-pool] addWorker(us-central1-api)"}}
[debug] [2023-07-24T03:53:02.002Z] [worker-pool] Adding worker with key us-central1-api, total=1 {"metadata":{"emulator":{"name":"functions"},"message":"[worker-pool] Adding worker with key us-central1-api, total=1"}}
[debug] [2023-07-24T03:53:02.005Z] [work-queue] {"queuedWork":["/e-clone-56572/us-central1/api/payments/create-2023-07-24T03:53:02.005Z"],"queueLength":1,"runningWork":["/e-clone-56572/us-central1/api/payments/create-2023-07-24T03:53:01.983Z"],"workRunningCount":1}
[debug] [2023-07-24T03:53:02.006Z] [work-queue] {"queuedWork":[],"queueLength":0,"runningWork":["/e-clone-56572/us-central1/api/payments/create-2023-07-24T03:53:01.983Z","/e-clone-56572/us-central1/api/payments/create-2023-07-24T03:53:02.005Z"],"workRunningCount":2}
[debug] [2023-07-24T03:53:02.006Z] Accepted request POST /e-clone-56572/us-central1/api/payments/create?total=54000 --> us-central1-api
[debug] [2023-07-24T03:53:02.011Z] [functions] Runtime ready! Sending request! {"metadata":{"emulator":{"name":"functions"},"message":"[functions] Runtime ready! Sending request!"}}
[debug] [2023-07-24T03:53:02.012Z] [functions] Got req.url=/e-clone-56572/us-central1/api/payments/create?total=54000, mapping to path=/payments/create?total=54000 {"metadata":{"emulator":{"name":"functions"},"message":"[functions] Got req.url=/e-clone-56572/us-central1/api/payments/create?total=54000, mapping to path=/payments/create?total=54000"}}
[debug] [2023-07-24T03:53:02.021Z] [worker-pool] addWorker(us-central1-api) {"metadata":{"emulator":{"name":"functions"},"message":"[worker-pool] addWorker(us-central1-api)"}}
[debug] [2023-07-24T03:53:02.022Z] [worker-pool] Adding worker with key us-central1-api, total=2 {"metadata":{"emulator":{"name":"functions"},"message":"[worker-pool] Adding worker with key us-central1-api, total=2"}}
[debug] [2023-07-24T03:53:04.776Z] [runtime-status] [17964] Resolved module firebase-admin {"declared":true,"installed":true,"version":"11.10.1","resolution":"C:\\Users\\Shiva\\Documents\\Amazon clone project\\amazone_clone\\functions\\node_modules\\firebase-admin\\lib\\index.js"} {"metadata":{"emulator":{"name":"functions"},"function":{"name":"us-central1-api"},"extension":{},"message":"[runtime-status] [17964] Resolved module firebase-admin {\"declared\":true,\"installed\":true,\"version\":\"11.10.1\",\"resolution\":\"C:\\\\Users\\\\Shiva\\\\Documents\\\\Amazon clone project\\\\amazone_clone\\\\functions\\\\node_modules\\\\firebase-admin\\\\lib\\\\index.js\"}"}}
[debug] [2023-07-24T03:53:04.777Z] [runtime-status] [7880] Resolved module firebase-admin {"declared":true,"installed":true,"version":"11.10.1","resolution":"C:\\Users\\Shiva\\Documents\\Amazon clone project\\amazone_clone\\functions\\node_modules\\firebase-admin\\lib\\index.js"} {"metadata":{"emulator":{"name":"functions"},"function":{"name":"us-central1-api"},"extension":{},"message":"[runtime-status] [7880] Resolved module firebase-admin {\"declared\":true,\"installed\":true,\"version\":\"11.10.1\",\"resolution\":\"C:\\\\Users\\\\Shiva\\\\Documents\\\\Amazon clone project\\\\amazone_clone\\\\functions\\\\node_modules\\\\firebase-admin\\\\lib\\\\index.js\"}"}}
[debug] [2023-07-24T03:53:04.780Z] [runtime-status] [17964] Resolved module firebase-functions {"declared":true,"installed":true,"version":"4.4.1","resolution":"C:\\Users\\Shiva\\Documents\\Amazon clone project\\amazone_clone\\functions\\node_modules\\firebase-functions\\lib\\v1\\index.js"} {"metadata":{"emulator":{"name":"functions"},"function":{"name":"us-central1-api"},"extension":{},"message":"[runtime-status] [17964] Resolved module firebase-functions {\"declared\":true,\"installed\":true,\"version\":\"4.4.1\",\"resolution\":\"C:\\\\Users\\\\Shiva\\\\Documents\\\\Amazon clone project\\\\amazone_clone\\\\functions\\\\node_modules\\\\firebase-functions\\\\lib\\\\v1\\\\index.js\"}"}}
[debug] [2023-07-24T03:53:04.781Z] [runtime-status] [7880] Resolved module firebase-functions {"declared":true,"installed":true,"version":"4.4.1","resolution":"C:\\Users\\Shiva\\Documents\\Amazon clone project\\amazone_clone\\functions\\node_modules\\firebase-functions\\lib\\v1\\index.js"} {"metadata":{"emulator":{"name":"functions"},"function":{"name":"us-central1-api"},"extension":{},"message":"[runtime-status] [7880] Resolved module firebase-functions {\"declared\":true,\"installed\":true,\"version\":\"4.4.1\",\"resolution\":\"C:\\\\Users\\\\Shiva\\\\Documents\\\\Amazon clone project\\\\amazone_clone\\\\functions\\\\node_modules\\\\firebase-functions\\\\lib\\\\v1\\\\index.js\"}"}}
[debug] [2023-07-24T03:53:04.781Z] [runtime-status] [7880] Outgoing network have been stubbed. [{"name":"http","status":"mocked"},{"name":"http","status":"mocked"},{"name":"https","status":"mocked"},{"name":"https","status":"mocked"},{"name":"net","status":"mocked"}] {"metadata":{"emulator":{"name":"functions"},"function":{"name":"us-central1-api"},"extension":{},"message":"[runtime-status] [7880] Outgoing network have been stubbed. [{\"name\":\"http\",\"status\":\"mocked\"},{\"name\":\"http\",\"status\":\"mocked\"},{\"name\":\"https\",\"status\":\"mocked\"},{\"name\":\"https\",\"status\":\"mocked\"},{\"name\":\"net\",\"status\":\"mocked\"}]"}}
[debug] [2023-07-24T03:53:04.782Z] [runtime-status] [17964] Outgoing network have been stubbed. [{"name":"http","status":"mocked"},{"name":"http","status":"mocked"},{"name":"https","status":"mocked"},{"name":"https","status":"mocked"},{"name":"net","status":"mocked"}] {"metadata":{"emulator":{"name":"functions"},"function":{"name":"us-central1-api"},"extension":{},"message":"[runtime-status] [17964] Outgoing network have been stubbed. [{\"name\":\"http\",\"status\":\"mocked\"},{\"name\":\"http\",\"status\":\"mocked\"},{\"name\":\"https\",\"status\":\"mocked\"},{\"name\":\"https\",\"status\":\"mocked\"},{\"name\":\"net\",\"status\":\"mocked\"}]"}}
[debug] [2023-07-24T03:53:04.783Z] [runtime-status] [17964] Resolved module firebase-functions {"declared":true,"installed":true,"version":"4.4.1","resolution":"C:\\Users\\Shiva\\Documents\\Amazon clone project\\amazone_clone\\functions\\node_modules\\firebase-functions\\lib\\v1\\index.js"} {"metadata":{"emulator":{"name":"functions"},"function":{"name":"us-central1-api"},"extension":{},"message":"[runtime-status] [17964] Resolved module firebase-functions {\"declared\":true,\"installed\":true,\"version\":\"4.4.1\",\"resolution\":\"C:\\\\Users\\\\Shiva\\\\Documents\\\\Amazon clone project\\\\amazone_clone\\\\functions\\\\node_modules\\\\firebase-functions\\\\lib\\\\v1\\\\index.js\"}"}}
[debug] [2023-07-24T03:53:04.783Z] [runtime-status] [7880] Resolved module firebase-functions {"declared":true,"installed":true,"version":"4.4.1","resolution":"C:\\Users\\Shiva\\Documents\\Amazon clone project\\amazone_clone\\functions\\node_modules\\firebase-functions\\lib\\v1\\index.js"} {"metadata":{"emulator":{"name":"functions"},"function":{"name":"us-central1-api"},"extension":{},"message":"[runtime-status] [7880] Resolved module firebase-functions {\"declared\":true,\"installed\":true,\"version\":\"4.4.1\",\"resolution\":\"C:\\\\Users\\\\Shiva\\\\Documents\\\\Amazon clone project\\\\amazone_clone\\\\functions\\\\node_modules\\\\firebase-functions\\\\lib\\\\v1\\\\index.js\"}"}}
[debug] [2023-07-24T03:53:05.430Z] [runtime-status] [7880] Checked functions.config() {"config":{}} {"metadata":{"emulator":{"name":"functions"},"function":{"name":"us-central1-api"},"extension":{},"message":"[runtime-status] [7880] Checked functions.config() {\"config\":{}}"}}
[debug] [2023-07-24T03:53:05.431Z] [runtime-status] [17964] Checked functions.config() {"config":{}} {"metadata":{"emulator":{"name":"functions"},"function":{"name":"us-central1-api"},"extension":{},"message":"[runtime-status] [17964] Checked functions.config() {\"config\":{}}"}}
[debug] [2023-07-24T03:53:05.431Z] [runtime-status] [17964] firebase-functions has been stubbed. {"functionsResolution":{"declared":true,"installed":true,"version":"4.4.1","resolution":"C:\\Users\\Shiva\\Documents\\Amazon clone project\\amazone_clone\\functions\\node_modules\\firebase-functions\\lib\\v1\\index.js"}} {"metadata":{"emulator":{"name":"functions"},"function":{"name":"us-central1-api"},"extension":{},"message":"[runtime-status] [17964] firebase-functions has been stubbed. {\"functionsResolution\":{\"declared\":true,\"installed\":true,\"version\":\"4.4.1\",\"resolution\":\"C:\\\\Users\\\\Shiva\\\\Documents\\\\Amazon clone project\\\\amazone_clone\\\\functions\\\\node_modules\\\\firebase-functions\\\\lib\\\\v1\\\\index.js\"}}"}}
[debug] [2023-07-24T03:53:05.432Z] [runtime-status] [7880] firebase-functions has been stubbed. {"functionsResolution":{"declared":true,"installed":true,"version":"4.4.1","resolution":"C:\\Users\\Shiva\\Documents\\Amazon clone project\\amazone_clone\\functions\\node_modules\\firebase-functions\\lib\\v1\\index.js"}} {"metadata":{"emulator":{"name":"functions"},"function":{"name":"us-central1-api"},"extension":{},"message":"[runtime-status] [7880] firebase-functions has been stubbed. {\"functionsResolution\":{\"declared\":true,\"installed\":true,\"version\":\"4.4.1\",\"resolution\":\"C:\\\\Users\\\\Shiva\\\\Documents\\\\Amazon clone project\\\\amazone_clone\\\\functions\\\\node_modules\\\\firebase-functions\\\\lib\\\\v1\\\\index.js\"}}"}}
[debug] [2023-07-24T03:53:05.432Z] [runtime-status] [7880] Resolved module firebase-functions {"declared":true,"installed":true,"version":"4.4.1","resolution":"C:\\Users\\Shiva\\Documents\\Amazon clone project\\amazone_clone\\functions\\node_modules\\firebase-functions\\lib\\v1\\index.js"} {"metadata":{"emulator":{"name":"functions"},"function":{"name":"us-central1-api"},"extension":{},"message":"[runtime-status] [7880] Resolved module firebase-functions {\"declared\":true,\"installed\":true,\"version\":\"4.4.1\",\"resolution\":\"C:\\\\Users\\\\Shiva\\\\Documents\\\\Amazon clone project\\\\amazone_clone\\\\functions\\\\node_modules\\\\firebase-functions\\\\lib\\\\v1\\\\index.js\"}"}}
[debug] [2023-07-24T03:53:05.432Z] [runtime-status] [17964] Resolved module firebase-functions {"declared":true,"installed":true,"version":"4.4.1","resolution":"C:\\Users\\Shiva\\Documents\\Amazon clone project\\amazone_clone\\functions\\node_modules\\firebase-functions\\lib\\v1\\index.js"} {"metadata":{"emulator":{"name":"functions"},"function":{"name":"us-central1-api"},"extension":{},"message":"[runtime-status] [17964] Resolved module firebase-functions {\"declared\":true,\"installed\":true,\"version\":\"4.4.1\",\"resolution\":\"C:\\\\Users\\\\Shiva\\\\Documents\\\\Amazon clone project\\\\amazone_clone\\\\functions\\\\node_modules\\\\firebase-functions\\\\lib\\\\v1\\\\index.js\"}"}}
[debug] [2023-07-24T03:53:05.433Z] [runtime-status] [17964] Resolved module firebase-admin {"declared":true,"installed":true,"version":"11.10.1","resolution":"C:\\Users\\Shiva\\Documents\\Amazon clone project\\amazone_clone\\functions\\node_modules\\firebase-admin\\lib\\index.js"} {"metadata":{"emulator":{"name":"functions"},"function":{"name":"us-central1-api"},"extension":{},"message":"[runtime-status] [17964] Resolved module firebase-admin {\"declared\":true,\"installed\":true,\"version\":\"11.10.1\",\"resolution\":\"C:\\\\Users\\\\Shiva\\\\Documents\\\\Amazon clone project\\\\amazone_clone\\\\functions\\\\node_modules\\\\firebase-admin\\\\lib\\\\index.js\"}"}}
[debug] [2023-07-24T03:53:05.433Z] [runtime-status] [7880] Resolved module firebase-admin {"declared":true,"installed":true,"version":"11.10.1","resolution":"C:\\Users\\Shiva\\Documents\\Amazon clone project\\amazone_clone\\functions\\node_modules\\firebase-admin\\lib\\index.js"} {"metadata":{"emulator":{"name":"functions"},"function":{"name":"us-central1-api"},"extension":{},"message":"[runtime-status] [7880] Resolved module firebase-admin {\"declared\":true,\"installed\":true,\"version\":\"11.10.1\",\"resolution\":\"C:\\\\Users\\\\Shiva\\\\Documents\\\\Amazon clone project\\\\amazone_clone\\\\functions\\\\node_modules\\\\firebase-admin\\\\lib\\\\index.js\"}"}}
[debug] [2023-07-24T03:53:05.438Z] [runtime-status] [17964] Resolved module firebase-functions {"declared":true,"installed":true,"version":"4.4.1","resolution":"C:\\Users\\Shiva\\Documents\\Amazon clone project\\amazone_clone\\functions\\node_modules\\firebase-functions\\lib\\v1\\index.js"} {"metadata":{"emulator":{"name":"functions"},"function":{"name":"us-central1-api"},"extension":{},"message":"[runtime-status] [17964] Resolved module firebase-functions {\"declared\":true,\"installed\":true,\"version\":\"4.4.1\",\"resolution\":\"C:\\\\Users\\\\Shiva\\\\Documents\\\\Amazon clone project\\\\amazone_clone\\\\functions\\\\node_modules\\\\firebase-functions\\\\lib\\\\v1\\\\index.js\"}"}}
[debug] [2023-07-24T03:53:05.438Z] [runtime-status] [7880] Resolved module firebase-functions {"declared":true,"installed":true,"version":"4.4.1","resolution":"C:\\Users\\Shiva\\Documents\\Amazon clone project\\amazone_clone\\functions\\node_modules\\firebase-functions\\lib\\v1\\index.js"} {"metadata":{"emulator":{"name":"functions"},"function":{"name":"us-central1-api"},"extension":{},"message":"[runtime-status] [7880] Resolved module firebase-functions {\"declared\":true,\"installed\":true,\"version\":\"4.4.1\",\"resolution\":\"C:\\\\Users\\\\Shiva\\\\Documents\\\\Amazon clone project\\\\amazone_clone\\\\functions\\\\node_modules\\\\firebase-functions\\\\lib\\\\v1\\\\index.js\"}"}}
[debug] [2023-07-24T03:53:05.438Z] [runtime-status] [17964] firebase-admin has been stubbed. {"adminResolution":{"declared":true,"installed":true,"version":"11.10.1","resolution":"C:\\Users\\Shiva\\Documents\\Amazon clone project\\amazone_clone\\functions\\node_modules\\firebase-admin\\lib\\index.js"}} {"metadata":{"emulator":{"name":"functions"},"function":{"name":"us-central1-api"},"extension":{},"message":"[runtime-status] [17964] firebase-admin has been stubbed. {\"adminResolution\":{\"declared\":true,\"installed\":true,\"version\":\"11.10.1\",\"resolution\":\"C:\\\\Users\\\\Shiva\\\\Documents\\\\Amazon clone project\\\\amazone_clone\\\\functions\\\\node_modules\\\\firebase-admin\\\\lib\\\\index.js\"}}"}}
[debug] [2023-07-24T03:53:05.438Z] [runtime-status] [7880] firebase-admin has been stubbed. {"adminResolution":{"declared":true,"installed":true,"version":"11.10.1","resolution":"C:\\Users\\Shiva\\Documents\\Amazon clone project\\amazone_clone\\functions\\node_modules\\firebase-admin\\lib\\index.js"}} {"metadata":{"emulator":{"name":"functions"},"function":{"name":"us-central1-api"},"extension":{},"message":"[runtime-status] [7880] firebase-admin has been stubbed. {\"adminResolution\":{\"declared\":true,\"installed\":true,\"version\":\"11.10.1\",\"resolution\":\"C:\\\\Users\\\\Shiva\\\\Documents\\\\Amazon clone project\\\\amazone_clone\\\\functions\\\\node_modules\\\\firebase-admin\\\\lib\\\\index.js\"}}"}}
[debug] [2023-07-24T03:53:05.898Z] [runtime-status] [17964] Functions runtime initialized. {"cwd":"C:\\Users\\Shiva\\Documents\\Amazon clone project\\amazone_clone\\functions","node_version":"18.16.0"} {"metadata":{"emulator":{"name":"functions"},"function":{"name":"us-central1-api"},"extension":{},"message":"[runtime-status] [17964] Functions runtime initialized. {\"cwd\":\"C:\\\\Users\\\\Shiva\\\\Documents\\\\Amazon clone project\\\\amazone_clone\\\\functions\",\"node_version\":\"18.16.0\"}"}}
[debug] [2023-07-24T03:53:05.898Z] [runtime-status] [7880] Functions runtime initialized. {"cwd":"C:\\Users\\Shiva\\Documents\\Amazon clone project\\amazone_clone\\functions","node_version":"18.16.0"} {"metadata":{"emulator":{"name":"functions"},"function":{"name":"us-central1-api"},"extension":{},"message":"[runtime-status] [7880] Functions runtime initialized. {\"cwd\":\"C:\\\\Users\\\\Shiva\\\\Documents\\\\Amazon clone project\\\\amazone_clone\\\\functions\",\"node_version\":\"18.16.0\"}"}}
[debug] [2023-07-24T03:53:05.899Z] [runtime-status] [7880] Listening to port: \\?\pipe\fire_emu_9bc625c648829ca7 {"metadata":{"emulator":{"name":"functions"},"function":{"name":"us-central1-api"},"extension":{},"message":"[runtime-status] [7880] Listening to port: \\\\?\\pipe\\fire_emu_9bc625c648829ca7"}}
[debug] [2023-07-24T03:53:05.899Z] [runtime-status] [17964] Listening to port: \\?\pipe\fire_emu_1db0852bebbca1ab {"metadata":{"emulator":{"name":"functions"},"function":{"name":"us-central1-api"},"extension":{},"message":"[runtime-status] [17964] Listening to port: \\\\?\\pipe\\fire_emu_1db0852bebbca1ab"}}
[debug] [2023-07-24T03:53:06.003Z] [worker-us-central1-api-e6568677-518b-46f1-8677-f5d2b3e9f281]: IDLE {"metadata":{"emulator":{"name":"functions"},"function":{"name":"us-central1-api"},"extension":{},"message":"[worker-us-central1-api-e6568677-518b-46f1-8677-f5d2b3e9f281]: IDLE"}}
[debug] [2023-07-24T03:53:06.003Z] [worker-pool] submitRequest(triggerId=us-central1-api) {"metadata":{"emulator":{"name":"functions"},"message":"[worker-pool] submitRequest(triggerId=us-central1-api)"}}
[info] i  functions: Beginning execution of "us-central1-api" {"metadata":{"emulator":{"name":"functions"},"function":{"name":"us-central1-api"},"extension":{},"message":"Beginning execution of \"us-central1-api\""}}
[debug] [2023-07-24T03:53:06.005Z] [worker-us-central1-api-e6568677-518b-46f1-8677-f5d2b3e9f281]: BUSY {"metadata":{"emulator":{"name":"functions"},"function":{"name":"us-central1-api"},"extension":{},"message":"[worker-us-central1-api-e6568677-518b-46f1-8677-f5d2b3e9f281]: BUSY"}}
[debug] [2023-07-24T03:53:06.007Z] [worker-us-central1-api-5c33495b-42d4-4eab-8bfd-cd4b1e81fb9f]: IDLE {"metadata":{"emulator":{"name":"functions"},"function":{"name":"us-central1-api"},"extension":{},"message":"[worker-us-central1-api-5c33495b-42d4-4eab-8bfd-cd4b1e81fb9f]: IDLE"}}
[debug] [2023-07-24T03:53:06.007Z] [worker-pool] submitRequest(triggerId=us-central1-api) {"metadata":{"emulator":{"name":"functions"},"message":"[worker-pool] submitRequest(triggerId=us-central1-api)"}}
[info] i  functions: Beginning execution of "us-central1-api" {"metadata":{"emulator":{"name":"functions"},"function":{"name":"us-central1-api"},"extension":{},"message":"Beginning execution of \"us-central1-api\""}}
[debug] [2023-07-24T03:53:06.010Z] [worker-us-central1-api-5c33495b-42d4-4eab-8bfd-cd4b1e81fb9f]: BUSY {"metadata":{"emulator":{"name":"functions"},"function":{"name":"us-central1-api"},"extension":{},"message":"[worker-us-central1-api-5c33495b-42d4-4eab-8bfd-cd4b1e81fb9f]: BUSY"}}
[info] >  payment request received Boom!!! 54000 {"user":"payment request received Boom!!! 54000","metadata":{"emulator":{"name":"functions"},"function":{"name":"us-central1-api"},"extension":{},"message":"\u001b[90m> \u001b[39m payment request received Boom!!! 54000"}}
[info] >  payment request received Boom!!! 54000 {"user":"payment request received Boom!!! 54000","metadata":{"emulator":{"name":"functions"},"function":{"name":"us-central1-api"},"extension":{},"message":"\u001b[90m> \u001b[39m payment request received Boom!!! 54000"}}
[debug] [2023-07-24T03:53:06.504Z] Finishing up request with event=pause {"metadata":{"emulator":{"name":"functions"},"function":{"name":"us-central1-api"},"extension":{},"message":"Finishing up request with event=pause"}}
[info] i  functions: Finished "us-central1-api" in 499.0057ms {"metadata":{"emulator":{"name":"functions"},"function":{"name":"us-central1-api"},"extension":{},"message":"Finished \"us-central1-api\" in 499.0057ms"}}
[debug] [2023-07-24T03:53:06.505Z] [worker-us-central1-api-e6568677-518b-46f1-8677-f5d2b3e9f281]: IDLE {"metadata":{"emulator":{"name":"functions"},"function":{"name":"us-central1-api"},"extension":{},"message":"[worker-us-central1-api-e6568677-518b-46f1-8677-f5d2b3e9f281]: IDLE"}}
[debug] [2023-07-24T03:53:06.505Z] Finishing up request with event=finish {"metadata":{"emulator":{"name":"functions"},"function":{"name":"us-central1-api"},"extension":{},"message":"Finishing up request with event=finish"}}
[debug] [2023-07-24T03:53:06.506Z] Finishing up request with event=close {"metadata":{"emulator":{"name":"functions"},"function":{"name":"us-central1-api"},"extension":{},"message":"Finishing up request with event=close"}}
[debug] [2023-07-24T03:53:06.506Z] [work-queue] {"queuedWork":[],"queueLength":0,"runningWork":["/e-clone-56572/us-central1/api/payments/create-2023-07-24T03:53:02.005Z"],"workRunningCount":1}
[debug] [2023-07-24T03:53:06.545Z] Finishing up request with event=pause {"metadata":{"emulator":{"name":"functions"},"function":{"name":"us-central1-api"},"extension":{},"message":"Finishing up request with event=pause"}}
[info] i  functions: Finished "us-central1-api" in 535.6389ms {"metadata":{"emulator":{"name":"functions"},"function":{"name":"us-central1-api"},"extension":{},"message":"Finished \"us-central1-api\" in 535.6389ms"}}
[debug] [2023-07-24T03:53:06.546Z] [worker-us-central1-api-5c33495b-42d4-4eab-8bfd-cd4b1e81fb9f]: IDLE {"metadata":{"emulator":{"name":"functions"},"function":{"name":"us-central1-api"},"extension":{},"message":"[worker-us-central1-api-5c33495b-42d4-4eab-8bfd-cd4b1e81fb9f]: IDLE"}}
[debug] [2023-07-24T03:53:06.547Z] Finishing up request with event=finish {"metadata":{"emulator":{"name":"functions"},"function":{"name":"us-central1-api"},"extension":{},"message":"Finishing up request with event=finish"}}
[debug] [2023-07-24T03:53:06.547Z] Finishing up request with event=close {"metadata":{"emulator":{"name":"functions"},"function":{"name":"us-central1-api"},"extension":{},"message":"Finishing up request with event=close"}}
[debug] [2023-07-24T03:53:06.547Z] [work-queue] {"queuedWork":[],"queueLength":0,"runningWork":[],"workRunningCount":0}
[debug] [2023-07-24T04:05:14.504Z] [worker-us-central1-api-e6568677-518b-46f1-8677-f5d2b3e9f281]: exited {"metadata":{"emulator":{"name":"functions"},"function":{"name":"us-central1-api"},"extension":{},"message":"[worker-us-central1-api-e6568677-518b-46f1-8677-f5d2b3e9f281]: exited"}}
[debug] [2023-07-24T04:05:14.505Z] [worker-us-central1-api-e6568677-518b-46f1-8677-f5d2b3e9f281]: FINISHED {"metadata":{"emulator":{"name":"functions"},"function":{"name":"us-central1-api"},"extension":{},"message":"[worker-us-central1-api-e6568677-518b-46f1-8677-f5d2b3e9f281]: FINISHED"}}
[debug] [2023-07-24T04:05:14.516Z] [worker-us-central1-api-5c33495b-42d4-4eab-8bfd-cd4b1e81fb9f]: exited {"metadata":{"emulator":{"name":"functions"},"function":{"name":"us-central1-api"},"extension":{},"message":"[worker-us-central1-api-5c33495b-42d4-4eab-8bfd-cd4b1e81fb9f]: exited"}}
